<?xml version="1.0" encoding="UTF-8"?>
<testng-results ignored="0" total="1" passed="1" failed="0" skipped="0">
  <reporter-output>
  </reporter-output>
  <suite started-at="2022-03-03T12:34:30Z" name="Default suite" finished-at="2022-03-03T12:34:30Z" duration-ms="29">
    <groups>
    </groups>
    <test started-at="2022-03-03T12:34:30Z" name="Default test" finished-at="2022-03-03T12:34:30Z" duration-ms="29">
      <class name="MavenBuildProject.MavenBuild2_Test">
        <test-method signature="MavenBuild2_Test()[pri:0, instance:MavenBuildProject.MavenBuild2_Test@3bd323e9]" started-at="2022-03-03T12:34:30Z" name="MavenBuild2_Test" finished-at="2022-03-03T12:34:30Z" duration-ms="9" status="PASS">
          <reporter-output>
          </reporter-output>
        </test-method> <!-- MavenBuild2_Test -->
      </class> <!-- MavenBuildProject.MavenBuild2_Test -->
    </test> <!-- Default test -->
  </suite> <!-- Default suite -->
</testng-results>
